Removed Pin From Net: NetName=DGND Pin=C200-1
Removed Pin From Net: NetName=DGND Pin=C309-1
Removed Pin From Net: NetName=POWER Pin=C309-2
Removed Pin From Net: NetName=PE Pin=T101-6
Change Component Footprint: Designator=D103 Old Footprint=1N4746A New Footprint=SMBJ18A
Change Component Footprint: Designator=R200 Old Footprint=0805_R New Footprint=0603_R
Change Component Footprint: Designator=R201 Old Footprint=0805_R New Footprint=0603_R
Change Component Footprint: Designator=J200 Old Footprint=XH2.54-5P New Footprint=2.54_5P_PHI
Change Component Comment : Designator=D103 Old Comment=1N4746A New Comment=SMBJ18A
Change Component Comment : Designator=Q100 Old Comment=IRFB4127PBF New Comment=NCEP1570
Change Component Comment : Designator=Q300 Old Comment=IRFB4127PBF New Comment=NCEP1570
Change Component Comment : Designator=Q301 Old Comment=IRFB4127PBF New Comment=NCEP1570
Change Component Comment : Designator=Q302 Old Comment=IRFB4127PBF New Comment=NCEP1570
Change Component Comment : Designator=Q303 Old Comment=IRFB4127PBF New Comment=NCEP1570
Change Component Comment : Designator=Q304 Old Comment=IRFB4127PBF New Comment=NCEP1570
Change Component Comment : Designator=Q305 Old Comment=IRFB4127PBF New Comment=NCEP1570
Change Net Name : Old Net Name=FG New Net Name=NetR200_1
Change Net Name : Old Net Name=PB0-STB New Net Name=STB_PB0
Added Pin To Net: NetName=ADC2-I Pin=U200-15
Added Net: Name=ADC2-I
Added Room: Name=01_Power
Added Room: Name=02_MCU
Added Room: Name=03_Mos
