C51 COMPILER V9.52.0.0   GPIO                                                              04/01/2023 22:13:44 PAGE 1   


C51 COMPILER V9.52.0.0, COMPILATION OF MODULE GPIO
OBJECT MODULE PLACED IN .\Output\GPIO.obj
COMPILER INVOKED BY: D:\IDE\keil\C51\BIN\C51.EXE ..\User\Source\Hardware\GPIO.c LARGE OMF2 WARNINGLEVEL(0) BROWSE INCDIR
                    -(..\User\Include;..\FU68xx_Hardware_Driver\Include) DEBUG PRINT(.\Listing\GPIO.lst) TABS(2) OBJECT(.\Output\GPIO.obj)

line level    source

   1          /*
   2           * @Author: Yanke@zjut.edu.cn
   3           * @Date: 2023-03-20 21:07:44
   4           * @LastEditors: LINKEEE 1435020085@qq.com
   5           * @LastEditTime: 2023-04-01 19:22:16
   6           * @FilePath: \Software\User\Source\Hardware\GPIO.c
   7           */
   8          /**
   9           * @copyright (C) COPYRIGHT 2022 Fortiortech Shenzhen
  10           * @file      GPIOInit.c
  11           * @author    Fortiortech  Appliction Team
  12           * @since     Create:2021-05-14
  13           * @date      Last modify:2022-07-14
  14           * @brief     This file contains GPIO initial function used for Motor Control.
  15           */
  16          
  17          #include <FU68xx_2.h>
  18          #include <Myproject.h>
  19          
  20          /**
  21           * @brief      为提高芯片的抗干扰能力，降低芯片功耗，请在具体项目时，将不需
             -用的GPIO默认都配置为输入上拉。
  22           */
  23          void GPIO_Default_Init(void)
  24          {
  25   1          P2_OE = 0;
  26   1          P2_PU = P22 | P26; // 需确认这些端口能接受上拉
  27   1          P3_OE = 0;
  28   1          P3_PU = P30 | P31 | P32 | P33 | P34 | P35 | P36 | P37; // 需确认这些端口能接受上拉
  29   1          P0_OE = 0;
  30   1          P0_PU = P00 | P01 | P02 | P03 | P04 | P05 | P06 | P07; // 需确认这些端口能接受上拉
  31   1          P1_OE = 0;
  32   1          P1_PU = P10 | P11 | P12 | P17; // 需确认这些端口能接受上拉
  33   1          P4_OE = 0;
  34   1          P4_PU = P40 | P41; // 使用步进电机时，P40，P41不能配置输入上拉，上拉会导致直
             -
  35   1      }
  36          
  37          /**
  38           * @brief      GPIO初始化配置,可将I/O口配置成输入或输出模式，上拉还是不上拉，
             -拟输出还是数字输出
  39           */ 
  40          void GPIO_Init(void)
  41          {
  42   1          // P1_OE = P15 ;
  43   1          // P3_OE = P36 | P37;
  44   1          // P0_OE = P07 | P04| P05;
  45   1          // P0_PU = P04 | P01| P05;
  46   1          // GP36 = 0;
  47   1          // GP37 = 0;
  48   1          // //LED灯IO口初始化
  49   1          // P4_OE = P42;
  50   1          // GP42  = 0;
  51   1          // //测试口
C51 COMPILER V9.52.0.0   GPIO                                                              04/01/2023 22:13:44 PAGE 2   

  52   1          // GP04 = 0;
  53   1          // GP11 = 1;
  54   1      
  55   1          P1_OE = P15;
  56   1          P3_OE = P36 | P37;
  57   1          P0_OE = P07;
  58   1          //P0_PU = P01;
  59   1      
  60   1          // LED灯IO口初始化
  61   1          P4_OE = P42;
  62   1          GP42 = 0;
  63   1      
  64   1      
  65   1          // TM1650 IO
  66   1          P0_OE = P00 | P01;
  67   1      }


MODULE INFORMATION:   STATIC OVERLAYABLE
   CODE SIZE        =     60    ----
   CONSTANT SIZE    =   ----    ----
   XDATA SIZE       =   ----    ----
   PDATA SIZE       =   ----    ----
   DATA SIZE        =   ----    ----
   IDATA SIZE       =   ----    ----
   BIT SIZE         =   ----    ----
   EDATA SIZE       =   ----    ----
   HDATA SIZE       =   ----    ----
   XDATA CONST SIZE =   ----    ----
   FAR CONST SIZE   =   ----    ----
END OF MODULE INFORMATION.


C51 COMPILATION COMPLETE.  0 WARNING(S),  0 ERROR(S)
