C51 COMPILER V9.52.0.0   MYVARIABLE                                                        04/01/2023 22:13:42 PAGE 1   


C51 COMPILER V9.52.0.0, COMPILATION OF MODULE MYVARIABLE
OBJECT MODULE PLACED IN .\Output\MyVariable.obj
COMPILER INVOKED BY: D:\IDE\keil\C51\BIN\C51.EXE ..\User\Source\Application\MyVariable.c LARGE OMF2 WARNINGLEVEL(0) BROW
                    -SE INCDIR(..\User\Include;..\FU68xx_Hardware_Driver\Include) DEBUG PRINT(.\Listing\MyVariable.lst) TABS(2) OBJECT(.\Outp
                    -ut\MyVariable.obj)

line level    source

   1          /*
   2           * @Author: Yanke@zjut.edu.cn
   3           * @Date: 2023-04-01 20:30:06
   4           * @LastEditors: LINKEEE 1435020085@qq.com
   5           * @LastEditTime: 2023-04-01 21:33:51
   6           * @FilePath: \Software\User\Source\Application\MyVariable.c
   7           */
   8          #include "MyVariable.h"
   9          
  10          Motor motor;
  11          UI ui;
  12          
  13          /**
  14           * @description: 变量初始化
  15           * @return {*}
  16           */
  17          void MyVariableInit(void)
  18          {
  19   1      
  20   1          /*电机相关设置*/
  21   1          motor.state = 0;                           // 默认为停止状态
  22   1          motor.maxSpeed = 3900;                     // 最大转速
  23   1          motor.minSpeed = 100;                      // 最低转速
  24   1          motor.targetSpeed = 1000;                  // 默认启动转速
  25   1          motor.speedChangeStep = 100;               // 速度默认按照100为步距调节
  26   1          motor.targetSpeedTemp = motor.targetSpeed; // 设置临时转速
  27   1      
  28   1          /*UI*/
  29   1          ui.modePage = 0;   // 速度,电流,故障灯页面
  30   1          ui.isSetSpeed = 0; // 按下增减速成立
  31   1      }


MODULE INFORMATION:   STATIC OVERLAYABLE
   CODE SIZE        =     64    ----
   CONSTANT SIZE    =   ----    ----
   XDATA SIZE       =     13    ----
   PDATA SIZE       =   ----    ----
   DATA SIZE        =   ----    ----
   IDATA SIZE       =   ----    ----
   BIT SIZE         =   ----    ----
   EDATA SIZE       =   ----    ----
   HDATA SIZE       =   ----    ----
   XDATA CONST SIZE =   ----    ----
   FAR CONST SIZE   =   ----    ----
END OF MODULE INFORMATION.


C51 COMPILATION COMPLETE.  0 WARNING(S),  0 ERROR(S)
