Removed Pin From Net: NetName=MPPT-I Pin=J400-2
Removed Pin From Net: NetName=MPPT-POWER Pin=J400-4
Removed Pin From Net: NetName=PE Pin=T101-6
Removed Member From Class: ClassName=04_AD623 Member=J400
Added Component: Designator=R412(0603_R)
Add component (AddParameter): Name = "ComponentLink1Description"; Value = "供应商链接"; VariantName = "[No Variations]"
Add component (AddParameter): Name = "ComponentLink1URL"; Value = "http://www.szlcsc.com/product/details_21903.html"; VariantName = "[No Variations]"
Add component (AddParameter): Name = "Notepad"; Value = ""; VariantName = "[No Variations]"
Add component (AddParameter): Name = "Package"; Value = "0603"; VariantName = "[No Variations]"
Add component (AddParameter): Name = "Supplier"; Value = "LC"; VariantName = "[No Variations]"
Add component (AddParameter): Name = "SuppliersPartNumber"; Value = "C21189"; VariantName = "[No Variations]"
Added Component: Designator=R413(0603_R)
Add component (AddParameter): Name = "ComponentLink1Description"; Value = "供应商链接"; VariantName = "[No Variations]"
Add component (AddParameter): Name = "ComponentLink1URL"; Value = "http://www.szlcsc.com/product/details_21903.html"; VariantName = "[No Variations]"
Add component (AddParameter): Name = "Notepad"; Value = ""; VariantName = "[No Variations]"
Add component (AddParameter): Name = "Package"; Value = "0603"; VariantName = "[No Variations]"
Add component (AddParameter): Name = "Supplier"; Value = "LC"; VariantName = "[No Variations]"
Add component (AddParameter): Name = "SuppliersPartNumber"; Value = "C21189"; VariantName = "[No Variations]"
Added Pin To Net: NetName=MPPT-I Pin=J101-6
Added Pin To Net: NetName=MPPT-POWER Pin=J101-8
Added Pin To Net: NetName=NetC401_1 Pin=R412-1
Added Pin To Net: NetName=12VDD Pin=R412-2
Added Pin To Net: NetName=NetC408_1 Pin=R413-1
Added Pin To Net: NetName=12VDD Pin=R413-2
Added Pin To Net: NetName=MPPT-DG1 Pin=J101-7
Added Pin To Net: NetName=MPPT-DG1 Pin=R402-1
Added Net: Name=MPPT-DG1
Added Pin To Net: NetName=MPPT-DG2 Pin=J101-9
Added Pin To Net: NetName=MPPT-DG2 Pin=R405-1
Added Net: Name=MPPT-DG2
Added Member To Class: ClassName=04_AD623 Member=Component R412 0Ω (0R0) ±1%
Added Member To Class: ClassName=04_AD623 Member=Component R413 0Ω (0R0) ±1%
