Removed Pin From Net: NetName=12VDD Pin=C401-1
Removed Pin From Net: NetName=12VDD Pin=C408-1
Removed Pin From Net: NetName=MPPT-I Pin=J400-1
Removed Pin From Net: NetName=MPPT-POWER Pin=J400-2
Removed Pin From Net: NetName=DGND Pin=J400-3
Removed Pin From Net: NetName=DGND Pin=R402-1
Removed Pin From Net: NetName=DGND Pin=R405-1
Removed Pin From Net: NetName=12VDD Pin=U400-7
Removed Pin From Net: NetName=12VDD Pin=U402-7
Change Component Footprint: Designator=J400 Old Footprint=2.54_3P_PHI New Footprint=XH2.54-4P
Change Component Comment : Designator=R400 Old Comment=2KΩ (2001) ±1% New Comment=5.1KΩ (5101) ±1%
Change Component Comment : Designator=J400 Old Comment=CON3 New Comment=CON4
Change component parameters: Designator = "R400" ("R400"); Footprint = "0603_R"; UniqueID = "\ZLYQYAXE" ("\ZLYQYAXE")
Change component parameters (AddParameter): Name = "ComponentLink1Description"; Value = "供应商链接"; VariantName = "[No Variations]"
Change component parameters (AddParameter): Name = "ComponentLink1URL"; Value = "http://www.szlcsc.com/product/details_23913.html"; VariantName = "[No Variations]"
Change component parameters (AddParameter): Name = "Notepad"; Value = ""; VariantName = "[No Variations]"
Change component parameters (AddParameter): Name = "Package"; Value = "0603"; VariantName = "[No Variations]"
Change component parameters (AddParameter): Name = "Supplier"; Value = "LC"; VariantName = "[No Variations]"
Change component parameters (AddParameter): Name = "SuppliersPartNumber"; Value = "C23186"; VariantName = "[No Variations]"
Added Component: Designator=R409(0603_R)
Add component (AddParameter): Name = "ComponentLink1Description"; Value = "供应商链接"; VariantName = "[No Variations]"
Add component (AddParameter): Name = "ComponentLink1URL"; Value = "http://www.szlcsc.com/product/details_21903.html"; VariantName = "[No Variations]"
Add component (AddParameter): Name = "Notepad"; Value = ""; VariantName = "[No Variations]"
Add component (AddParameter): Name = "Package"; Value = "0603"; VariantName = "[No Variations]"
Add component (AddParameter): Name = "Supplier"; Value = "LC"; VariantName = "[No Variations]"
Add component (AddParameter): Name = "SuppliersPartNumber"; Value = "C21189"; VariantName = "[No Variations]"
Added Component: Designator=R410(0603_R)
Add component (AddParameter): Name = "ComponentLink1Description"; Value = "供应商链接"; VariantName = "[No Variations]"
Add component (AddParameter): Name = "ComponentLink1URL"; Value = "http://www.szlcsc.com/product/details_21903.html"; VariantName = "[No Variations]"
Add component (AddParameter): Name = "Notepad"; Value = ""; VariantName = "[No Variations]"
Add component (AddParameter): Name = "Package"; Value = "0603"; VariantName = "[No Variations]"
Add component (AddParameter): Name = "Supplier"; Value = "LC"; VariantName = "[No Variations]"
Add component (AddParameter): Name = "SuppliersPartNumber"; Value = "C21189"; VariantName = "[No Variations]"
Added Component: Designator=R411(0603_R)
Add component (AddParameter): Name = "ComponentLink1Description"; Value = "供应商链接"; VariantName = "[No Variations]"
Add component (AddParameter): Name = "ComponentLink1URL"; Value = "http://www.szlcsc.com/product/details_21903.html"; VariantName = "[No Variations]"
Add component (AddParameter): Name = "Notepad"; Value = ""; VariantName = "[No Variations]"
Add component (AddParameter): Name = "Package"; Value = "0603"; VariantName = "[No Variations]"
Add component (AddParameter): Name = "Supplier"; Value = "LC"; VariantName = "[No Variations]"
Add component (AddParameter): Name = "SuppliersPartNumber"; Value = "C21189"; VariantName = "[No Variations]"
Added Pin To Net: NetName=MPPT-I Pin=J400-2
Added Pin To Net: NetName=MPPT-POWER Pin=J400-4
Added Pin To Net: NetName=5VDD Pin=R409-2
Added Pin To Net: NetName=5VDD Pin=R410-2
Added Pin To Net: NetName=NetC401_1 Pin=C401-1
Added Pin To Net: NetName=NetC401_1 Pin=R409-1
Added Pin To Net: NetName=NetC401_1 Pin=U400-7
Added Net: Name=NetC401_1
Added Pin To Net: NetName=NetC408_1 Pin=C408-1
Added Pin To Net: NetName=NetC408_1 Pin=R410-1
Added Pin To Net: NetName=NetC408_1 Pin=U402-7
Added Net: Name=NetC408_1
Added Pin To Net: NetName=NetJ400_1 Pin=J400-1
Added Pin To Net: NetName=NetJ400_1 Pin=R402-1
Added Net: Name=NetJ400_1
Added Pin To Net: NetName=NetJ400_3 Pin=J400-3
Added Pin To Net: NetName=NetJ400_3 Pin=R405-1
Added Net: Name=NetJ400_3
Added Pin To Net: NetName=NetR411_1 Pin=R411-1
Added Pin To Net: NetName=NetR411_1 Pin=U402-1
Added Net: Name=NetR411_1
Added Pin To Net: NetName=NetR411_2 Pin=R411-2
Added Pin To Net: NetName=NetR411_2 Pin=U402-8
Added Net: Name=NetR411_2
Added Member To Class: ClassName=03_Mos Member=Component C309 X2 1UF/310V
Added Member To Class: ClassName=04_AD623 Member=Component R409 0Ω (0R0) ±1%
Added Member To Class: ClassName=04_AD623 Member=Component R410 0Ω (0R0) ±1%
Added Member To Class: ClassName=04_AD623 Member=Component R411 0Ω (0R0) ±1%
Added Room: Name=01_Power
Added Room: Name=02_MCU
Added Room: Name=03_Mos
Added Room: Name=04_AD623
