Removed Pin From Net: NetName=12VDD Pin=C200-2
Removed Pin From Net: NetName=5VDD Pin=C202-2
Removed Pin From Net: NetName=5VDD Pin=C203-1
Removed Pin From Net: NetName=DGND Pin=C203-2
Removed Pin From Net: NetName=DGND Pin=C204-2
Removed Pin From Net: NetName=DGND Pin=C205-2
Removed Pin From Net: NetName=DGND Pin=C206-1
Removed Pin From Net: NetName=12VDD Pin=C206-2
Removed Pin From Net: NetName=DGND Pin=C207-1
Removed Pin From Net: NetName=12VDD Pin=C207-2
Removed Pin From Net: NetName=DGND Pin=C209-1
Removed Pin From Net: NetName=DGND Pin=C211-2
Removed Pin From Net: NetName=DGND Pin=C303-1
Removed Pin From Net: NetName=POWER Pin=C303-2
Removed Pin From Net: NetName=DGND Pin=C304-1
Removed Pin From Net: NetName=POWER Pin=C304-2
Removed Pin From Net: NetName=DGND Pin=C305-1
Removed Pin From Net: NetName=POWER Pin=C305-2
Removed Pin From Net: NetName=DGND Pin=C306-1
Removed Pin From Net: NetName=POWER Pin=C306-2
Removed Pin From Net: NetName=DGND Pin=C307-1
Removed Pin From Net: NetName=POWER Pin=C307-2
Removed Pin From Net: NetName=DGND Pin=C308-1
Removed Pin From Net: NetName=POWER Pin=C308-2
Removed Pin From Net: NetName=POWER Pin=C309-1
Removed Pin From Net: NetName=DGND Pin=C309-2
Removed Pin From Net: NetName=DGND Pin=C400-1
Removed Pin From Net: NetName=DGND Pin=C401-1
Removed Pin From Net: NetName=DGND Pin=C402-1
Removed Pin From Net: NetName=DGND Pin=C403-2
Removed Pin From Net: NetName=DGND Pin=C404-1
Removed Pin From Net: NetName=POWER Pin=D104-1
Removed Pin From Net: NetName=DGND Pin=D104-2
Removed Pin From Net: NetName=12VDD Pin=D200-1
Removed Pin From Net: NetName=DGND Pin=D200-2
Removed Pin From Net: NetName=DGND Pin=D201-K
Removed Pin From Net: NetName=DGND Pin=D202-K
Removed Pin From Net: NetName=NetD300_1 Pin=D301-1
Removed Pin From Net: NetName=NetD300_1 Pin=D302-1
Removed Pin From Net: NetName=DGND Pin=J100-4
Removed Pin From Net: NetName=POWER Pin=J100-5
Removed Pin From Net: NetName=5VDD Pin=P200-1
Removed Pin From Net: NetName=DGND Pin=P200-4
Removed Pin From Net: NetName=NetD304_1 Pin=Q301-1
Removed Pin From Net: NetName=5V Pin=R101-2
Removed Pin From Net: NetName=12VDD Pin=R106-1
Removed Pin From Net: NetName=NetC104_2 Pin=R106-2
Removed Pin From Net: NetName=DGND Pin=R109-1
Removed Pin From Net: NetName=NetD303_1 Pin=R300-2
Removed Pin From Net: NetName=NetD304_1 Pin=R301-2
Removed Pin From Net: NetName=NetD303_1 Pin=R303-2
Removed Pin From Net: NetName=NetD304_1 Pin=R304-2
Removed Pin From Net: NetName=NetD307_1 Pin=R306-2
Removed Pin From Net: NetName=NetD307_1 Pin=R309-2
Removed Pin From Net: NetName=DGND Pin=R314-1
Removed Pin From Net: NetName=NetD300_1 Pin=R315-1
Removed Pin From Net: NetName=12VDD Pin=R315-2
Removed Pin From Net: NetName=DGND Pin=R403-1
Removed Pin From Net: NetName=DGND Pin=R404-1
Removed Pin From Net: NetName=DGND Pin=R405-1
Removed Pin From Net: NetName=DGND Pin=R407-1
Removed Pin From Net: NetName=DGND Pin=U200-0
Removed Pin From Net: NetName=DGND Pin=U200-0
Removed Pin From Net: NetName=DGND Pin=U200-0
Removed Pin From Net: NetName=DGND Pin=U200-0
Removed Pin From Net: NetName=DGND Pin=U200-0
Removed Pin From Net: NetName=DGND Pin=U200-0
Removed Pin From Net: NetName=DGND Pin=U200-0
Removed Pin From Net: NetName=DGND Pin=U200-0
Removed Pin From Net: NetName=DGND Pin=U200-0
Removed Pin From Net: NetName=12VDD Pin=U200-10
Removed Pin From Net: NetName=DGND Pin=U200-11
Removed Pin From Net: NetName=5VDD Pin=U200-12
Removed Pin From Net: NetName=DGND Pin=U200-13
Removed Pin From Net: NetName=DGND Pin=U200-16
Removed Pin From Net: NetName=DGND Pin=U200-37
Removed Pin From Net: NetName=5VDD Pin=U200-38
Removed Pin From Net: NetName=12VDD Pin=U200-51
Removed Pin From Net: NetName=DGND Pin=U200-52
Removed Member From Class: ClassName=02_MCU Member=C209
Removed Member From Class: ClassName=02_MCU Member=C211
Removed Member From Class: ClassName=03_Mos Member=C306
Removed Member From Class: ClassName=03_Mos Member=C307
Removed Member From Class: ClassName=03_Mos Member=C308
Removed Member From Class: ClassName=03_Mos Member=D305
Removed Member From Class: ClassName=03_Mos Member=D306
Removed Member From Class: ClassName=03_Mos Member=D308
Removed Member From Class: ClassName=01_Power Member=J100
Removed Member From Class: ClassName=02_MCU Member=P200
Removed Member From Class: ClassName=02_MCU Member=R204
Change Component Footprint: Designator=D201 Old Footprint=0603_LED_S1 New Footprint=SOD-323
Change Component Footprint: Designator=D202 Old Footprint=0603_LED_S1 New Footprint=SOD-323
Change Component Footprint: Designator=C200 Old Footprint=0805_C New Footprint=0603_C
Change Component Footprint: Designator=C202 Old Footprint=0805_C New Footprint=0603_C
Change Component Footprint: Designator=C203 Old Footprint=0805_C New Footprint=0603_C
Change Component Footprint: Designator=C300 Old Footprint=0805_C New Footprint=1206_C
Change Component Footprint: Designator=C301 Old Footprint=0805_C New Footprint=1206_C
Change Component Footprint: Designator=C302 Old Footprint=0805_C New Footprint=1206_C
Change Component Footprint: Designator=R205 Old Footprint=0805_R New Footprint=0603_R
Change Component Footprint: Designator=R107 Old Footprint=0805_R New Footprint=1206_R
Change Component Footprint: Designator=R109 Old Footprint=0805_R New Footprint=1206_R
Change Component Footprint: Designator=C303 Old Footprint=1206_C New Footprint=0805_C
Change Component Footprint: Designator=C304 Old Footprint=1206_C New Footprint=0805_C
Change Component Footprint: Designator=C305 Old Footprint=1206_C New Footprint=0805_C
Change Component Footprint: Designator=R106 Old Footprint=1206_R New Footprint=0805_R
Change Component Footprint: Designator=C310 Old Footprint=CAP_D16_L31.5 New Footprint=1000uf/250V
Change Component Footprint: Designator=C309 Old Footprint=CAP_D16_L31.5 New Footprint=X2 1UF 310V
Change Component Footprint: Designator=U200 Old Footprint=FU6861Q New Footprint=LQFP32
Change Component Footprint: Designator=R313 Old Footprint=R2512 New Footprint=0805_R
Change Component Footprint: Designator=R314 Old Footprint=R2512 New Footprint=0805_R
Change Component Footprint: Designator=D200 Old Footprint=SMAJ18A New Footprint=SOD-323
Change Component Comment : Designator=R312 Old Comment=0.005Ohm 2512 New Comment=10mR 2512
Change Component Comment : Designator=R313 Old Comment=0.005Ohm 2512 New Comment=68Ω (68R0) ±1%
Change Component Comment : Designator=R314 Old Comment=0.005Ohm 2512 New Comment=68Ω (68R0) ±1%
Change Component Comment : Designator=R109 Old Comment=1KΩ (1001) ±1% New Comment=200Ω (2000) ±1%
Change Component Comment : Designator=C204 Old Comment=1uF (105) 10% 50V New Comment=10uF (106) 10% 25V
Change Component Comment : Designator=C205 Old Comment=1uF (105) 10% 50V New Comment=10uF (106) 10% 25V
Change Component Comment : Designator=C202 Old Comment=1uF (105) 10% 50V New Comment=100nF (104) 10% 50V
Change Component Comment : Designator=C203 Old Comment=1uF (105) 10% 50V New Comment=100nF (104) 10% 50V
Change Component Comment : Designator=C304 Old Comment=1uF (105) 10% 50V New Comment=100pF (101) 5% 50V
Change Component Comment : Designator=C200 Old Comment=10uF (106) 10% 25V New Comment=1uF (105) 10% 50V
Change Component Comment : Designator=C300 Old Comment=10uF (106) 10% 25V New Comment=100nF (104) 10% 100V
Change Component Comment : Designator=C301 Old Comment=10uF (106) 10% 25V New Comment=100nF (104) 10% 100V
Change Component Comment : Designator=C302 Old Comment=10uF (106) 10% 25V New Comment=100nF (104) 10% 100V
Change Component Comment : Designator=R300 Old Comment=10Ω (10R0) ±1% New Comment=51Ω (51R0) ±1%
Change Component Comment : Designator=R301 Old Comment=10Ω (10R0) ±1% New Comment=51Ω (51R0) ±1%
Change Component Comment : Designator=R302 Old Comment=10Ω (10R0) ±1% New Comment=51Ω (51R0) ±1%
Change Component Comment : Designator=R306 Old Comment=10Ω (10R0) ±1% New Comment=51Ω (51R0) ±1%
Change Component Comment : Designator=R307 Old Comment=10Ω (10R0) ±1% New Comment=51Ω (51R0) ±1%
Change Component Comment : Designator=R308 Old Comment=10Ω (10R0) ±1% New Comment=51Ω (51R0) ±1%
Change Component Comment : Designator=R315 Old Comment=10Ω (10R0) ±1% New Comment=68Ω (68R0) ±1%
Change Component Comment : Designator=R107 Old Comment=20KΩ (2002) ±1% New Comment=24KΩ (2402) ±1%
Change Component Comment : Designator=R303 Old Comment=47KΩ (4702) ±1% New Comment=100KΩ (1003) ±1%
Change Component Comment : Designator=R304 Old Comment=47KΩ (4702) ±1% New Comment=100KΩ (1003) ±1%
Change Component Comment : Designator=R305 Old Comment=47KΩ (4702) ±1% New Comment=100KΩ (1003) ±1%
Change Component Comment : Designator=R309 Old Comment=47KΩ (4702) ±1% New Comment=100KΩ (1003) ±1%
Change Component Comment : Designator=R310 Old Comment=47KΩ (4702) ±1% New Comment=100KΩ (1003) ±1%
Change Component Comment : Designator=R311 Old Comment=47KΩ (4702) ±1% New Comment=100KΩ (1003) ±1%
Change Component Comment : Designator=C201 Old Comment=100nF(104) 10% 50V New Comment=10uF (106) 10% 25V
Change Component Comment : Designator=C207 Old Comment=100nF(104) 10% 50V New Comment=10uF (106) 10% 25V
Change Component Comment : Designator=C303 Old Comment=100nF (104) 10% 50V New Comment=100pF (101) 5% 50V
Change Component Comment : Designator=C305 Old Comment=100nF (104) 10% 50V New Comment=100pF (101) 5% 50V
Change Component Comment : Designator=R106 Old Comment=200Ω (2000) ±1% New Comment=20KΩ (2002) ±1%
Change Component Comment : Designator=C310 Old Comment=470uF/100V New Comment=1000uF/250V
Change Component Comment : Designator=C309 Old Comment=470uF/100V New Comment=X2 1UF/310V
Change Component Comment : Designator=U200 Old Comment=FU6861Q New Comment=LCP037BK32ET8
Change Component Comment : Designator=D200 Old Comment=SMAJ18A New Comment=1N4148WS T4
Change Component Comment : Designator=D202 Old Comment=红灯 0603 New Comment=1N4148WS T4
Change Component Comment : Designator=D201 Old Comment=绿灯 0603 New Comment=1N4148WS T4
Change component parameters: Designator = "C206" ("C206"); Footprint = "0805_C"; UniqueID = "\DTLVEQYZ" ("\DTLVEQYZ")
Change component parameters (AddParameter): Name = "ComponentLink1Description"; Value = "供应商链接"; VariantName = "[No Variations]"
Change component parameters (AddParameter): Name = "ComponentLink1URL"; Value = "http://www.szlcsc.com/product/details_16532.html"; VariantName = "[No Variations]"
Change component parameters (AddParameter): Name = "Package"; Value = "0805"; VariantName = "[No Variations]"
Change component parameters (AddParameter): Name = "Supplier"; Value = "LC"; VariantName = "[No Variations]"
Change component parameters (AddParameter): Name = "SuppliersPartNumber"; Value = "C15850"; VariantName = "[No Variations]"
Change component parameters: Designator = "R300" ("R300"); Footprint = "0805_R"; UniqueID = "\NZPPWCYC" ("\NZPPWCYC")
Change component parameters (AddParameter): Name = "ComponentLink1Description"; Value = "供应商链接"; VariantName = "[No Variations]"
Change component parameters (AddParameter): Name = "ComponentLink1URL"; Value = "http://www.szlcsc.com/product/details_18426.html"; VariantName = "[No Variations]"
Change component parameters (AddParameter): Name = "Notepad"; Value = ""; VariantName = "[No Variations]"
Change component parameters (AddParameter): Name = "Package"; Value = "0805"; VariantName = "[No Variations]"
Change component parameters (AddParameter): Name = "Supplier"; Value = "LC"; VariantName = "[No Variations]"
Change component parameters (AddParameter): Name = "SuppliersPartNumber"; Value = "C17738"; VariantName = "[No Variations]"
Change component parameters: Designator = "R301" ("R301"); Footprint = "0805_R"; UniqueID = "\GSZDNNJJ" ("\GSZDNNJJ")
Change component parameters (AddParameter): Name = "ComponentLink1Description"; Value = "供应商链接"; VariantName = "[No Variations]"
Change component parameters (AddParameter): Name = "ComponentLink1URL"; Value = "http://www.szlcsc.com/product/details_18426.html"; VariantName = "[No Variations]"
Change component parameters (AddParameter): Name = "Notepad"; Value = ""; VariantName = "[No Variations]"
Change component parameters (AddParameter): Name = "Package"; Value = "0805"; VariantName = "[No Variations]"
Change component parameters (AddParameter): Name = "Supplier"; Value = "LC"; VariantName = "[No Variations]"
Change component parameters (AddParameter): Name = "SuppliersPartNumber"; Value = "C17738"; VariantName = "[No Variations]"
Change component parameters: Designator = "R302" ("R302"); Footprint = "0805_R"; UniqueID = "\ZZVETUCS" ("\ZZVETUCS")
Change component parameters (AddParameter): Name = "ComponentLink1Description"; Value = "供应商链接"; VariantName = "[No Variations]"
Change component parameters (AddParameter): Name = "ComponentLink1URL"; Value = "http://www.szlcsc.com/product/details_18426.html"; VariantName = "[No Variations]"
Change component parameters (AddParameter): Name = "Notepad"; Value = ""; VariantName = "[No Variations]"
Change component parameters (AddParameter): Name = "Package"; Value = "0805"; VariantName = "[No Variations]"
Change component parameters (AddParameter): Name = "Supplier"; Value = "LC"; VariantName = "[No Variations]"
Change component parameters (AddParameter): Name = "SuppliersPartNumber"; Value = "C17738"; VariantName = "[No Variations]"
Change component parameters: Designator = "R303" ("R303"); Footprint = "0805_R"; UniqueID = "\FHCRQGKW" ("\FHCRQGKW")
Change component parameters (AddParameter): Name = "ComponentLink1Description"; Value = "供应商链接"; VariantName = "[No Variations]"
Change component parameters (AddParameter): Name = "ComponentLink1URL"; Value = "http://www.szlcsc.com/product/details_18095.html"; VariantName = "[No Variations]"
Change component parameters (AddParameter): Name = "Notepad"; Value = ""; VariantName = "[No Variations]"
Change component parameters (AddParameter): Name = "Package"; Value = "0805"; VariantName = "[No Variations]"
Change component parameters (AddParameter): Name = "Supplier"; Value = "LC"; VariantName = "[No Variations]"
Change component parameters (AddParameter): Name = "SuppliersPartNumber"; Value = "C17407"; VariantName = "[No Variations]"
Change component parameters: Designator = "R304" ("R304"); Footprint = "0805_R"; UniqueID = "\APSBIBFT" ("\APSBIBFT")
Change component parameters (AddParameter): Name = "ComponentLink1Description"; Value = "供应商链接"; VariantName = "[No Variations]"
Change component parameters (AddParameter): Name = "ComponentLink1URL"; Value = "http://www.szlcsc.com/product/details_18095.html"; VariantName = "[No Variations]"
Change component parameters (AddParameter): Name = "Notepad"; Value = ""; VariantName = "[No Variations]"
Change component parameters (AddParameter): Name = "Package"; Value = "0805"; VariantName = "[No Variations]"
Change component parameters (AddParameter): Name = "Supplier"; Value = "LC"; VariantName = "[No Variations]"
Change component parameters (AddParameter): Name = "SuppliersPartNumber"; Value = "C17407"; VariantName = "[No Variations]"
Change component parameters: Designator = "R305" ("R305"); Footprint = "0805_R"; UniqueID = "\NUVVAJMW" ("\NUVVAJMW")
Change component parameters (AddParameter): Name = "ComponentLink1Description"; Value = "供应商链接"; VariantName = "[No Variations]"
Change component parameters (AddParameter): Name = "ComponentLink1URL"; Value = "http://www.szlcsc.com/product/details_18095.html"; VariantName = "[No Variations]"
Change component parameters (AddParameter): Name = "Notepad"; Value = ""; VariantName = "[No Variations]"
Change component parameters (AddParameter): Name = "Package"; Value = "0805"; VariantName = "[No Variations]"
Change component parameters (AddParameter): Name = "Supplier"; Value = "LC"; VariantName = "[No Variations]"
Change component parameters (AddParameter): Name = "SuppliersPartNumber"; Value = "C17407"; VariantName = "[No Variations]"
Change component parameters: Designator = "R306" ("R306"); Footprint = "0805_R"; UniqueID = "\NECNFBPR" ("\NECNFBPR")
Change component parameters (AddParameter): Name = "ComponentLink1Description"; Value = "供应商链接"; VariantName = "[No Variations]"
Change component parameters (AddParameter): Name = "ComponentLink1URL"; Value = "http://www.szlcsc.com/product/details_18426.html"; VariantName = "[No Variations]"
Change component parameters (AddParameter): Name = "Notepad"; Value = ""; VariantName = "[No Variations]"
Change component parameters (AddParameter): Name = "Package"; Value = "0805"; VariantName = "[No Variations]"
Change component parameters (AddParameter): Name = "Supplier"; Value = "LC"; VariantName = "[No Variations]"
Change component parameters (AddParameter): Name = "SuppliersPartNumber"; Value = "C17738"; VariantName = "[No Variations]"
Change component parameters: Designator = "R307" ("R307"); Footprint = "0805_R"; UniqueID = "\GSINLOHH" ("\GSINLOHH")
Change component parameters (AddParameter): Name = "ComponentLink1Description"; Value = "供应商链接"; VariantName = "[No Variations]"
Change component parameters (AddParameter): Name = "ComponentLink1URL"; Value = "http://www.szlcsc.com/product/details_18426.html"; VariantName = "[No Variations]"
Change component parameters (AddParameter): Name = "Notepad"; Value = ""; VariantName = "[No Variations]"
Change component parameters (AddParameter): Name = "Package"; Value = "0805"; VariantName = "[No Variations]"
Change component parameters (AddParameter): Name = "Supplier"; Value = "LC"; VariantName = "[No Variations]"
Change component parameters (AddParameter): Name = "SuppliersPartNumber"; Value = "C17738"; VariantName = "[No Variations]"
Change component parameters: Designator = "R308" ("R308"); Footprint = "0805_R"; UniqueID = "\TDDUQERW" ("\TDDUQERW")
Change component parameters (AddParameter): Name = "ComponentLink1Description"; Value = "供应商链接"; VariantName = "[No Variations]"
Change component parameters (AddParameter): Name = "ComponentLink1URL"; Value = "http://www.szlcsc.com/product/details_18426.html"; VariantName = "[No Variations]"
Change component parameters (AddParameter): Name = "Notepad"; Value = ""; VariantName = "[No Variations]"
Change component parameters (AddParameter): Name = "Package"; Value = "0805"; VariantName = "[No Variations]"
Change component parameters (AddParameter): Name = "Supplier"; Value = "LC"; VariantName = "[No Variations]"
Change component parameters (AddParameter): Name = "SuppliersPartNumber"; Value = "C17738"; VariantName = "[No Variations]"
Change component parameters: Designator = "R309" ("R309"); Footprint = "0805_R"; UniqueID = "\NKENWZVM" ("\NKENWZVM")
Change component parameters (AddParameter): Name = "ComponentLink1Description"; Value = "供应商链接"; VariantName = "[No Variations]"
Change component parameters (AddParameter): Name = "ComponentLink1URL"; Value = "http://www.szlcsc.com/product/details_18095.html"; VariantName = "[No Variations]"
Change component parameters (AddParameter): Name = "Notepad"; Value = ""; VariantName = "[No Variations]"
Change component parameters (AddParameter): Name = "Package"; Value = "0805"; VariantName = "[No Variations]"
Change component parameters (AddParameter): Name = "Supplier"; Value = "LC"; VariantName = "[No Variations]"
Change component parameters (AddParameter): Name = "SuppliersPartNumber"; Value = "C17407"; VariantName = "[No Variations]"
Change component parameters: Designator = "R310" ("R310"); Footprint = "0805_R"; UniqueID = "\MHVUEYOH" ("\MHVUEYOH")
Change component parameters (AddParameter): Name = "ComponentLink1Description"; Value = "供应商链接"; VariantName = "[No Variations]"
Change component parameters (AddParameter): Name = "ComponentLink1URL"; Value = "http://www.szlcsc.com/product/details_18095.html"; VariantName = "[No Variations]"
Change component parameters (AddParameter): Name = "Notepad"; Value = ""; VariantName = "[No Variations]"
Change component parameters (AddParameter): Name = "Package"; Value = "0805"; VariantName = "[No Variations]"
Change component parameters (AddParameter): Name = "Supplier"; Value = "LC"; VariantName = "[No Variations]"
Change component parameters (AddParameter): Name = "SuppliersPartNumber"; Value = "C17407"; VariantName = "[No Variations]"
Change component parameters: Designator = "R311" ("R311"); Footprint = "0805_R"; UniqueID = "\WHNVEEVK" ("\WHNVEEVK")
Change component parameters (AddParameter): Name = "ComponentLink1Description"; Value = "供应商链接"; VariantName = "[No Variations]"
Change component parameters (AddParameter): Name = "ComponentLink1URL"; Value = "http://www.szlcsc.com/product/details_18095.html"; VariantName = "[No Variations]"
Change component parameters (AddParameter): Name = "Notepad"; Value = ""; VariantName = "[No Variations]"
Change component parameters (AddParameter): Name = "Package"; Value = "0805"; VariantName = "[No Variations]"
Change component parameters (AddParameter): Name = "Supplier"; Value = "LC"; VariantName = "[No Variations]"
Change component parameters (AddParameter): Name = "SuppliersPartNumber"; Value = "C17407"; VariantName = "[No Variations]"
Change component parameters: Designator = "R315" ("R315"); Footprint = "0805_R"; UniqueID = "\HLEEKGPD" ("\HLEEKGPD")
Change component parameters (AddParameter): Name = "ComponentLink1Description"; Value = "供应商链接"; VariantName = "[No Variations]"
Change component parameters (AddParameter): Name = "ComponentLink1URL"; Value = "http://www.szlcsc.com/product/details_18490.html"; VariantName = "[No Variations]"
Change component parameters (AddParameter): Name = "Notepad"; Value = ""; VariantName = "[No Variations]"
Change component parameters (AddParameter): Name = "Package"; Value = "0805"; VariantName = "[No Variations]"
Change component parameters (AddParameter): Name = "Supplier"; Value = "LC"; VariantName = "[No Variations]"
Change component parameters (AddParameter): Name = "SuppliersPartNumber"; Value = "C17802"; VariantName = "[No Variations]"
Change component parameters: Designator = "C201" ("C201"); Footprint = "0805_C"; UniqueID = "\PQFGIXIF" ("\PQFGIXIF")
Change component parameters (AddParameter): Name = "ComponentLink1Description"; Value = "供应商链接"; VariantName = "[No Variations]"
Change component parameters (AddParameter): Name = "ComponentLink1URL"; Value = "http://www.szlcsc.com/product/details_16532.html"; VariantName = "[No Variations]"
Change component parameters (AddParameter): Name = "Package"; Value = "0805"; VariantName = "[No Variations]"
Change component parameters (AddParameter): Name = "Supplier"; Value = "LC"; VariantName = "[No Variations]"
Change component parameters (AddParameter): Name = "SuppliersPartNumber"; Value = "C15850"; VariantName = "[No Variations]"
Change component parameters: Designator = "C204" ("C204"); Footprint = "0805_C"; UniqueID = "\PTUXVYHH" ("\PTUXVYHH")
Change component parameters (AddParameter): Name = "ComponentLink1Description"; Value = "供应商链接"; VariantName = "[No Variations]"
Change component parameters (AddParameter): Name = "ComponentLink1URL"; Value = "http://www.szlcsc.com/product/details_16532.html"; VariantName = "[No Variations]"
Change component parameters (AddParameter): Name = "Package"; Value = "0805"; VariantName = "[No Variations]"
Change component parameters (AddParameter): Name = "Supplier"; Value = "LC"; VariantName = "[No Variations]"
Change component parameters (AddParameter): Name = "SuppliersPartNumber"; Value = "C15850"; VariantName = "[No Variations]"
Change component parameters: Designator = "C205" ("C205"); Footprint = "0805_C"; UniqueID = "\LCFZADIB" ("\LCFZADIB")
Change component parameters (AddParameter): Name = "ComponentLink1Description"; Value = "供应商链接"; VariantName = "[No Variations]"
Change component parameters (AddParameter): Name = "ComponentLink1URL"; Value = "http://www.szlcsc.com/product/details_16532.html"; VariantName = "[No Variations]"
Change component parameters (AddParameter): Name = "Package"; Value = "0805"; VariantName = "[No Variations]"
Change component parameters (AddParameter): Name = "Supplier"; Value = "LC"; VariantName = "[No Variations]"
Change component parameters (AddParameter): Name = "SuppliersPartNumber"; Value = "C15850"; VariantName = "[No Variations]"
Change component parameters: Designator = "C207" ("C207"); Footprint = "0805_C"; UniqueID = "\RJAMMFSF" ("\RJAMMFSF")
Change component parameters (AddParameter): Name = "ComponentLink1Description"; Value = "供应商链接"; VariantName = "[No Variations]"
Change component parameters (AddParameter): Name = "ComponentLink1URL"; Value = "http://www.szlcsc.com/product/details_16532.html"; VariantName = "[No Variations]"
Change component parameters (AddParameter): Name = "Package"; Value = "0805"; VariantName = "[No Variations]"
Change component parameters (AddParameter): Name = "Supplier"; Value = "LC"; VariantName = "[No Variations]"
Change component parameters (AddParameter): Name = "SuppliersPartNumber"; Value = "C15850"; VariantName = "[No Variations]"
Change component parameters: Designator = "C200" ("C200"); Footprint = "0805_C"; UniqueID = "\DXOXRWFE" ("\DXOXRWFE")
Change component parameters (AddParameter): Name = "ComponentLink1Description"; Value = "供应商链接"; VariantName = "[No Variations]"
Change component parameters (AddParameter): Name = "ComponentLink1URL"; Value = "http://www.szlcsc.com/product/details_16531.html"; VariantName = "[No Variations]"
Change component parameters (AddParameter): Name = "Notepad"; Value = ""; VariantName = "[No Variations]"
Change component parameters (AddParameter): Name = "Package"; Value = "0603"; VariantName = "[No Variations]"
Change component parameters (AddParameter): Name = "Supplier"; Value = "LC"; VariantName = "[No Variations]"
Change component parameters (AddParameter): Name = "SuppliersPartNumber"; Value = "C15849"; VariantName = "[No Variations]"
Change component parameters: Designator = "C203" ("C203"); Footprint = "0805_C"; UniqueID = "\RLBCOUXU" ("\RLBCOUXU")
Change component parameters (AddParameter): Name = "ComponentLink1Description"; Value = "供应商链接"; VariantName = "[No Variations]"
Change component parameters (AddParameter): Name = "ComponentLink1URL"; Value = "http://www.szlcsc.com/product/details_15331.html"; VariantName = "[No Variations]"
Change component parameters (AddParameter): Name = "Notepad"; Value = ""; VariantName = "[No Variations]"
Change component parameters (AddParameter): Name = "Package"; Value = "0603"; VariantName = "[No Variations]"
Change component parameters (AddParameter): Name = "Supplier"; Value = "LC"; VariantName = "[No Variations]"
Change component parameters (AddParameter): Name = "SuppliersPartNumber"; Value = "C14663"; VariantName = "[No Variations]"
Change component parameters: Designator = "C300" ("C300"); Footprint = "0805_C"; UniqueID = "\ZRPXLUGZ" ("\ZRPXLUGZ")
Change component parameters (AddParameter): Name = "ComponentLink1Description"; Value = "供应商链接"; VariantName = "[No Variations]"
Change component parameters (AddParameter): Name = "ComponentLink1URL"; Value = "http://www.szlcsc.com/product/details_25237.html"; VariantName = "[No Variations]"
Change component parameters (AddParameter): Name = "Notepad"; Value = ""; VariantName = "[No Variations]"
Change component parameters (AddParameter): Name = "Package"; Value = "1206"; VariantName = "[No Variations]"
Change component parameters (AddParameter): Name = "Supplier"; Value = "LC"; VariantName = "[No Variations]"
Change component parameters (AddParameter): Name = "SuppliersPartNumber"; Value = "C24497"; VariantName = "[No Variations]"
Change component parameters: Designator = "C301" ("C301"); Footprint = "0805_C"; UniqueID = "\KXYGTFWK" ("\KXYGTFWK")
Change component parameters (AddParameter): Name = "ComponentLink1Description"; Value = "供应商链接"; VariantName = "[No Variations]"
Change component parameters (AddParameter): Name = "ComponentLink1URL"; Value = "http://www.szlcsc.com/product/details_25237.html"; VariantName = "[No Variations]"
Change component parameters (AddParameter): Name = "Notepad"; Value = ""; VariantName = "[No Variations]"
Change component parameters (AddParameter): Name = "Package"; Value = "1206"; VariantName = "[No Variations]"
Change component parameters (AddParameter): Name = "Supplier"; Value = "LC"; VariantName = "[No Variations]"
Change component parameters (AddParameter): Name = "SuppliersPartNumber"; Value = "C24497"; VariantName = "[No Variations]"
Change component parameters: Designator = "C302" ("C302"); Footprint = "0805_C"; UniqueID = "\DRSXUBSP" ("\DRSXUBSP")
Change component parameters (AddParameter): Name = "ComponentLink1Description"; Value = "供应商链接"; VariantName = "[No Variations]"
Change component parameters (AddParameter): Name = "ComponentLink1URL"; Value = "http://www.szlcsc.com/product/details_25237.html"; VariantName = "[No Variations]"
Change component parameters (AddParameter): Name = "Notepad"; Value = ""; VariantName = "[No Variations]"
Change component parameters (AddParameter): Name = "Package"; Value = "1206"; VariantName = "[No Variations]"
Change component parameters (AddParameter): Name = "Supplier"; Value = "LC"; VariantName = "[No Variations]"
Change component parameters (AddParameter): Name = "SuppliersPartNumber"; Value = "C24497"; VariantName = "[No Variations]"
Change component parameters: Designator = "C303" ("C303"); Footprint = "1206_C"; UniqueID = "\AVWKVNEY" ("\AVWKVNEY")
Change component parameters (AddParameter): Name = "ComponentLink1Description"; Value = "供应商链接"; VariantName = "[No Variations]"
Change component parameters (AddParameter): Name = "ComponentLink1URL"; Value = "http://www.szlcsc.com/product/details_2142.html"; VariantName = "[No Variations]"
Change component parameters (AddParameter): Name = "Notepad"; Value = ""; VariantName = "[No Variations]"
Change component parameters (AddParameter): Name = "Package"; Value = "0805"; VariantName = "[No Variations]"
Change component parameters (AddParameter): Name = "Supplier"; Value = "LC"; VariantName = "[No Variations]"
Change component parameters (AddParameter): Name = "SuppliersPartNumber"; Value = "C1790"; VariantName = "[No Variations]"
Change component parameters: Designator = "C304" ("C304"); Footprint = "1206_C"; UniqueID = "\HAKIVXBL" ("\HAKIVXBL")
Change component parameters (AddParameter): Name = "ComponentLink1Description"; Value = "供应商链接"; VariantName = "[No Variations]"
Change component parameters (AddParameter): Name = "ComponentLink1URL"; Value = "http://www.szlcsc.com/product/details_2142.html"; VariantName = "[No Variations]"
Change component parameters (AddParameter): Name = "Notepad"; Value = ""; VariantName = "[No Variations]"
Change component parameters (AddParameter): Name = "Package"; Value = "0805"; VariantName = "[No Variations]"
Change component parameters (AddParameter): Name = "Supplier"; Value = "LC"; VariantName = "[No Variations]"
Change component parameters (AddParameter): Name = "SuppliersPartNumber"; Value = "C1790"; VariantName = "[No Variations]"
Change component parameters: Designator = "C305" ("C305"); Footprint = "1206_C"; UniqueID = "\JUWOUUFI" ("\JUWOUUFI")
Change component parameters (AddParameter): Name = "ComponentLink1Description"; Value = "供应商链接"; VariantName = "[No Variations]"
Change component parameters (AddParameter): Name = "ComponentLink1URL"; Value = "http://www.szlcsc.com/product/details_2142.html"; VariantName = "[No Variations]"
Change component parameters (AddParameter): Name = "Notepad"; Value = ""; VariantName = "[No Variations]"
Change component parameters (AddParameter): Name = "Package"; Value = "0805"; VariantName = "[No Variations]"
Change component parameters (AddParameter): Name = "Supplier"; Value = "LC"; VariantName = "[No Variations]"
Change component parameters (AddParameter): Name = "SuppliersPartNumber"; Value = "C1790"; VariantName = "[No Variations]"
Change component parameters: Designator = "R106" ("R106"); Footprint = "1206_R"; UniqueID = "\ILRWBZZB" ("\ILRWBZZB")
Change component parameters (AddParameter): Name = "ComponentLink1Description"; Value = "供应商链接"; VariantName = "[No Variations]"
Change component parameters (AddParameter): Name = "ComponentLink1URL"; Value = "http://www.szlcsc.com/product/details_4735.html"; VariantName = "[No Variations]"
Change component parameters (AddParameter): Name = "Notepad"; Value = ""; VariantName = "[No Variations]"
Change component parameters (AddParameter): Name = "Package"; Value = "0805"; VariantName = "[No Variations]"
Change component parameters (AddParameter): Name = "Supplier"; Value = "LC"; VariantName = "[No Variations]"
Change component parameters (AddParameter): Name = "SuppliersPartNumber"; Value = "C4328"; VariantName = "[No Variations]"
Change component parameters: Designator = "R107" ("R107"); Footprint = "0805_R"; UniqueID = "\RBMMKKMY" ("\RBMMKKMY")
Change component parameters (AddParameter): Name = "ComponentLink1Description"; Value = "供应商链接"; VariantName = "[No Variations]"
Change component parameters (AddParameter): Name = "ComponentLink1URL"; Value = "http://www.szlcsc.com/product/details_18576.html"; VariantName = "[No Variations]"
Change component parameters (AddParameter): Name = "Notepad"; Value = ""; VariantName = "[No Variations]"
Change component parameters (AddParameter): Name = "Package"; Value = "1206"; VariantName = "[No Variations]"
Change component parameters (AddParameter): Name = "Supplier"; Value = "LC"; VariantName = "[No Variations]"
Change component parameters (AddParameter): Name = "SuppliersPartNumber"; Value = "C17888"; VariantName = "[No Variations]"
Change component parameters: Designator = "R109" ("R109"); Footprint = "0805_R"; UniqueID = "\PGLKJCQQ" ("\PGLKJCQQ")
Change component parameters (AddParameter): Name = "ComponentLink1Description"; Value = "供应商链接"; VariantName = "[No Variations]"
Change component parameters (AddParameter): Name = "ComponentLink1URL"; Value = "http://www.szlcsc.com/product/details_18575.html"; VariantName = "[No Variations]"
Change component parameters (AddParameter): Name = "Notepad"; Value = ""; VariantName = "[No Variations]"
Change component parameters (AddParameter): Name = "Package"; Value = "1206"; VariantName = "[No Variations]"
Change component parameters (AddParameter): Name = "Supplier"; Value = "LC"; VariantName = "[No Variations]"
Change component parameters (AddParameter): Name = "SuppliersPartNumber"; Value = "C17887"; VariantName = "[No Variations]"
Change component parameters: Designator = "C202" ("C202"); Footprint = "0805_C"; UniqueID = "\AQUOUJYG" ("\AQUOUJYG")
Change component parameters (AddParameter): Name = "ComponentLink1Description"; Value = "供应商链接"; VariantName = "[No Variations]"
Change component parameters (AddParameter): Name = "ComponentLink1URL"; Value = "http://www.szlcsc.com/product/details_15331.html"; VariantName = "[No Variations]"
Change component parameters (AddParameter): Name = "Package"; Value = "0603"; VariantName = "[No Variations]"
Change component parameters (AddParameter): Name = "Supplier"; Value = "LC"; VariantName = "[No Variations]"
Change component parameters (AddParameter): Name = "SuppliersPartNumber"; Value = "C14663"; VariantName = "[No Variations]"
Change component parameters: Designator = "D201" ("D201"); Footprint = "0603_LED_S1"; UniqueID = "\ABLWSYRY" ("\ABLWSYRY")
Change component parameters (AddParameter): Name = "ComponentLink1Description"; Value = "供应商链接"; VariantName = "[No Variations]"
Change component parameters (AddParameter): Name = "ComponentLink1URL"; Value = "http://www.szlcsc.com/product/details_2485.html"; VariantName = "[No Variations]"
Change component parameters (AddParameter): Name = "Package"; Value = "SOD-323"; VariantName = "[No Variations]"
Change component parameters (AddParameter): Name = "Supplier"; Value = "LC"; VariantName = "[No Variations]"
Change component parameters (AddParameter): Name = "SuppliersPartNumber"; Value = "C2128"; VariantName = "[No Variations]"
Change component parameters: Designator = "D202" ("D202"); Footprint = "0603_LED_S1"; UniqueID = "\NQDAOPQH" ("\NQDAOPQH")
Change component parameters (AddParameter): Name = "ComponentLink1Description"; Value = "供应商链接"; VariantName = "[No Variations]"
Change component parameters (AddParameter): Name = "ComponentLink1URL"; Value = "http://www.szlcsc.com/product/details_2485.html"; VariantName = "[No Variations]"
Change component parameters (AddParameter): Name = "Package"; Value = "SOD-323"; VariantName = "[No Variations]"
Change component parameters (AddParameter): Name = "Supplier"; Value = "LC"; VariantName = "[No Variations]"
Change component parameters (AddParameter): Name = "SuppliersPartNumber"; Value = "C2128"; VariantName = "[No Variations]"
Change component parameters: Designator = "R205" ("R205"); Footprint = "0805_R"; UniqueID = "\LSRJQVJL" ("\LSRJQVJL")
Change component parameters (AddParameter): Name = "ComponentLink1Description"; Value = "供应商链接"; VariantName = "[No Variations]"
Change component parameters (AddParameter): Name = "ComponentLink1URL"; Value = "http://www.szlcsc.com/product/details_26547.html"; VariantName = "[No Variations]"
Change component parameters (AddParameter): Name = "Package"; Value = "0603"; VariantName = "[No Variations]"
Change component parameters (AddParameter): Name = "Supplier"; Value = "LC"; VariantName = "[No Variations]"
Change component parameters (AddParameter): Name = "SuppliersPartNumber"; Value = "C25804"; VariantName = "[No Variations]"
Change component parameters: Designator = "D200" ("D200"); Footprint = "SMAJ18A"; UniqueID = "\XNMIDWAJ" ("\XNMIDWAJ")
Change component parameters (AddParameter): Name = "ComponentLink1Description"; Value = "供应商链接"; VariantName = "[No Variations]"
Change component parameters (AddParameter): Name = "ComponentLink1URL"; Value = "http://www.szlcsc.com/product/details_2485.html"; VariantName = "[No Variations]"
Change component parameters (AddParameter): Name = "Package"; Value = "SOD-323"; VariantName = "[No Variations]"
Change component parameters (AddParameter): Name = "Supplier"; Value = "LC"; VariantName = "[No Variations]"
Change component parameters (AddParameter): Name = "SuppliersPartNumber"; Value = "C2128"; VariantName = "[No Variations]"
Change component parameters: Designator = "C309" ("C309"); Footprint = "CAP_D16_L31.5"; UniqueID = "\TISPESBT" ("\TISPESBT")
Change component parameters (AddParameter): Name = "ComponentLink1Description"; Value = "供应商链接"; VariantName = "[No Variations]"
Change component parameters (AddParameter): Name = "ComponentLink1URL"; Value = "http://www.szlcsc.com/product/details_25237.html"; VariantName = "[No Variations]"
Change component parameters (AddParameter): Name = "Notepad"; Value = ""; VariantName = "[No Variations]"
Change component parameters (AddParameter): Name = "Package"; Value = "1206"; VariantName = "[No Variations]"
Change component parameters (AddParameter): Name = "Supplier"; Value = "LC"; VariantName = "[No Variations]"
Change component parameters (AddParameter): Name = "SuppliersPartNumber"; Value = "C24497"; VariantName = "[No Variations]"
Change component parameters: Designator = "R313" ("R313"); Footprint = "R2512"; UniqueID = "\FMFICTOV" ("\FMFICTOV")
Change component parameters (AddParameter): Name = "ComponentLink1Description"; Value = "供应商链接"; VariantName = "[No Variations]"
Change component parameters (AddParameter): Name = "ComponentLink1URL"; Value = "http://www.szlcsc.com/product/details_18490.html"; VariantName = "[No Variations]"
Change component parameters (AddParameter): Name = "Notepad"; Value = ""; VariantName = "[No Variations]"
Change component parameters (AddParameter): Name = "Package"; Value = "0805"; VariantName = "[No Variations]"
Change component parameters (AddParameter): Name = "Supplier"; Value = "LC"; VariantName = "[No Variations]"
Change component parameters (AddParameter): Name = "SuppliersPartNumber"; Value = "C17802"; VariantName = "[No Variations]"
Change component parameters: Designator = "R314" ("R314"); Footprint = "R2512"; UniqueID = "\ZBDKGYPD" ("\ZBDKGYPD")
Change component parameters (AddParameter): Name = "ComponentLink1Description"; Value = "供应商链接"; VariantName = "[No Variations]"
Change component parameters (AddParameter): Name = "ComponentLink1URL"; Value = "http://www.szlcsc.com/product/details_18490.html"; VariantName = "[No Variations]"
Change component parameters (AddParameter): Name = "Notepad"; Value = ""; VariantName = "[No Variations]"
Change component parameters (AddParameter): Name = "Package"; Value = "0805"; VariantName = "[No Variations]"
Change component parameters (AddParameter): Name = "Supplier"; Value = "LC"; VariantName = "[No Variations]"
Change component parameters (AddParameter): Name = "SuppliersPartNumber"; Value = "C17802"; VariantName = "[No Variations]"
Added Component: Designator=C113(0805_C)
Add component (AddParameter): Name = "ComponentLink1Description"; Value = "供应商链接"; VariantName = "[No Variations]"
Add component (AddParameter): Name = "ComponentLink1URL"; Value = "http://www.szlcsc.com/product/details_16532.html"; VariantName = "[No Variations]"
Add component (AddParameter): Name = "Notepad"; Value = ""; VariantName = "[No Variations]"
Add component (AddParameter): Name = "Package"; Value = "0805"; VariantName = "[No Variations]"
Add component (AddParameter): Name = "Supplier"; Value = "LC"; VariantName = "[No Variations]"
Add component (AddParameter): Name = "SuppliersPartNumber"; Value = "C15850"; VariantName = "[No Variations]"
Added Component: Designator=C115(X1/Y1 500V)
Add component (AddParameter): Name = "ComponentLink1Description"; Value = "供应商链接"; VariantName = "[No Variations]"
Add component (AddParameter): Name = "ComponentLink1URL"; Value = "http://www.szlcsc.com/product/details_1956.html"; VariantName = "[No Variations]"
Add component (AddParameter): Name = "Notepad"; Value = ""; VariantName = "[No Variations]"
Add component (AddParameter): Name = "Package"; Value = "0603"; VariantName = "[No Variations]"
Add component (AddParameter): Name = "Supplier"; Value = "LC"; VariantName = "[No Variations]"
Add component (AddParameter): Name = "SuppliersPartNumber"; Value = "C1604"; VariantName = "[No Variations]"
Added Component: Designator=C116(0603_C)
Add component (AddParameter): Name = "ComponentLink1Description"; Value = "供应商链接"; VariantName = "[No Variations]"
Add component (AddParameter): Name = "ComponentLink1URL"; Value = "http://www.szlcsc.com/product/details_15331.html"; VariantName = "[No Variations]"
Add component (AddParameter): Name = "Notepad"; Value = ""; VariantName = "[No Variations]"
Add component (AddParameter): Name = "Package"; Value = "0603"; VariantName = "[No Variations]"
Add component (AddParameter): Name = "Supplier"; Value = "LC"; VariantName = "[No Variations]"
Add component (AddParameter): Name = "SuppliersPartNumber"; Value = "C14663"; VariantName = "[No Variations]"
Added Component: Designator=C117(0603_C)
Add component (AddParameter): Name = "ComponentLink1Description"; Value = "供应商链接"; VariantName = "[No Variations]"
Add component (AddParameter): Name = "ComponentLink1URL"; Value = "http://www.szlcsc.com/product/details_20411.html"; VariantName = "[No Variations]"
Add component (AddParameter): Name = "Notepad"; Value = ""; VariantName = "[No Variations]"
Add component (AddParameter): Name = "Package"; Value = "0603"; VariantName = "[No Variations]"
Add component (AddParameter): Name = "Supplier"; Value = "LC"; VariantName = "[No Variations]"
Add component (AddParameter): Name = "SuppliersPartNumber"; Value = "C19702"; VariantName = "[No Variations]"
Added Component: Designator=C118(0603_C)
Add component (AddParameter): Name = "ComponentLink1Description"; Value = "供应商链接"; VariantName = "[No Variations]"
Add component (AddParameter): Name = "ComponentLink1URL"; Value = "http://www.szlcsc.com/product/details_15331.html"; VariantName = "[No Variations]"
Add component (AddParameter): Name = "Notepad"; Value = ""; VariantName = "[No Variations]"
Add component (AddParameter): Name = "Package"; Value = "0603"; VariantName = "[No Variations]"
Add component (AddParameter): Name = "Supplier"; Value = "LC"; VariantName = "[No Variations]"
Add component (AddParameter): Name = "SuppliersPartNumber"; Value = "C14663"; VariantName = "[No Variations]"
Added Component: Designator=C119(0603_C)
Add component (AddParameter): Name = "ComponentLink1Description"; Value = "供应商链接"; VariantName = "[No Variations]"
Add component (AddParameter): Name = "ComponentLink1URL"; Value = "http://www.szlcsc.com/product/details_20411.html"; VariantName = "[No Variations]"
Add component (AddParameter): Name = "Notepad"; Value = ""; VariantName = "[No Variations]"
Add component (AddParameter): Name = "Package"; Value = "0603"; VariantName = "[No Variations]"
Add component (AddParameter): Name = "Supplier"; Value = "LC"; VariantName = "[No Variations]"
Add component (AddParameter): Name = "SuppliersPartNumber"; Value = "C19702"; VariantName = "[No Variations]"
Added Component: Designator=C208(0603_C)
Add component (AddParameter): Name = "ComponentLink1Description"; Value = "供应商链接"; VariantName = "[No Variations]"
Add component (AddParameter): Name = "ComponentLink1URL"; Value = "http://www.szlcsc.com/product/details_15331.html"; VariantName = "[No Variations]"
Add component (AddParameter): Name = "Package"; Value = "0603"; VariantName = "[No Variations]"
Add component (AddParameter): Name = "Supplier"; Value = "LC"; VariantName = "[No Variations]"
Add component (AddParameter): Name = "SuppliersPartNumber"; Value = "C14663"; VariantName = "[No Variations]"
Added Component: Designator=C311(1000uf/250V)
Added Component: Designator=D103(1N4746A)
Added Component: Designator=J101(CON9 9.5mm)
Added Component: Designator=J200(XH2.54-5P)
Added Component: Designator=Q100(IRFB4127)
Added Component: Designator=R112(0805_R)
Add component (AddParameter): Name = "ComponentLink1Description"; Value = "供应商链接"; VariantName = "[No Variations]"
Add component (AddParameter): Name = "ComponentLink1URL"; Value = "http://www.szlcsc.com/product/details_18102.html"; VariantName = "[No Variations]"
Add component (AddParameter): Name = "Notepad"; Value = ""; VariantName = "[No Variations]"
Add component (AddParameter): Name = "Package"; Value = "0805"; VariantName = "[No Variations]"
Add component (AddParameter): Name = "Supplier"; Value = "LC"; VariantName = "[No Variations]"
Add component (AddParameter): Name = "SuppliersPartNumber"; Value = "C17414"; VariantName = "[No Variations]"
Added Component: Designator=R200(0805_R)
Add component (AddParameter): Name = "ComponentLink1Description"; Value = "供应商链接"; VariantName = "[No Variations]"
Add component (AddParameter): Name = "ComponentLink1URL"; Value = "http://www.szlcsc.com/product/details_18201.html"; VariantName = "[No Variations]"
Add component (AddParameter): Name = "Notepad"; Value = ""; VariantName = "[No Variations]"
Add component (AddParameter): Name = "Package"; Value = "0805"; VariantName = "[No Variations]"
Add component (AddParameter): Name = "Supplier"; Value = "LC"; VariantName = "[No Variations]"
Add component (AddParameter): Name = "SuppliersPartNumber"; Value = "C17513"; VariantName = "[No Variations]"
Added Component: Designator=R201(0805_R)
Add component (AddParameter): Name = "ComponentLink1Description"; Value = "供应商链接"; VariantName = "[No Variations]"
Add component (AddParameter): Name = "ComponentLink1URL"; Value = "http://www.szlcsc.com/product/details_18201.html"; VariantName = "[No Variations]"
Add component (AddParameter): Name = "Notepad"; Value = ""; VariantName = "[No Variations]"
Add component (AddParameter): Name = "Package"; Value = "0805"; VariantName = "[No Variations]"
Add component (AddParameter): Name = "Supplier"; Value = "LC"; VariantName = "[No Variations]"
Add component (AddParameter): Name = "SuppliersPartNumber"; Value = "C17513"; VariantName = "[No Variations]"
Added Component: Designator=R202(0603_R)
Add component (AddParameter): Name = "ComponentLink1Description"; Value = "供应商链接"; VariantName = "[No Variations]"
Add component (AddParameter): Name = "ComponentLink1URL"; Value = "http://www.szlcsc.com/product/details_26547.html"; VariantName = "[No Variations]"
Add component (AddParameter): Name = "Notepad"; Value = ""; VariantName = "[No Variations]"
Add component (AddParameter): Name = "Package"; Value = "0603"; VariantName = "[No Variations]"
Add component (AddParameter): Name = "Supplier"; Value = "LC"; VariantName = "[No Variations]"
Add component (AddParameter): Name = "SuppliersPartNumber"; Value = "C25804"; VariantName = "[No Variations]"
Added Component: Designator=R203(0805_R)
Add component (AddParameter): Name = "ComponentLink1Description"; Value = "供应商链接"; VariantName = "[No Variations]"
Add component (AddParameter): Name = "ComponentLink1URL"; Value = "http://www.szlcsc.com/product/details_18201.html"; VariantName = "[No Variations]"
Add component (AddParameter): Name = "Notepad"; Value = ""; VariantName = "[No Variations]"
Add component (AddParameter): Name = "Package"; Value = "0805"; VariantName = "[No Variations]"
Add component (AddParameter): Name = "Supplier"; Value = "LC"; VariantName = "[No Variations]"
Add component (AddParameter): Name = "SuppliersPartNumber"; Value = "C17513"; VariantName = "[No Variations]"
Added Component: Designator=R316(R2512)
Added Component: Designator=R317(R2512)
Added Component: Designator=R318(0805_R)
Add component (AddParameter): Name = "ComponentLink1Description"; Value = "供应商链接"; VariantName = "[No Variations]"
Add component (AddParameter): Name = "ComponentLink1URL"; Value = "http://www.szlcsc.com/product/details_18490.html"; VariantName = "[No Variations]"
Add component (AddParameter): Name = "Notepad"; Value = ""; VariantName = "[No Variations]"
Add component (AddParameter): Name = "Package"; Value = "0805"; VariantName = "[No Variations]"
Add component (AddParameter): Name = "Supplier"; Value = "LC"; VariantName = "[No Variations]"
Add component (AddParameter): Name = "SuppliersPartNumber"; Value = "C17802"; VariantName = "[No Variations]"
Added Component: Designator=R319(0805_R)
Add component (AddParameter): Name = "ComponentLink1Description"; Value = "供应商链接"; VariantName = "[No Variations]"
Add component (AddParameter): Name = "ComponentLink1URL"; Value = "http://www.szlcsc.com/product/details_18490.html"; VariantName = "[No Variations]"
Add component (AddParameter): Name = "Notepad"; Value = ""; VariantName = "[No Variations]"
Add component (AddParameter): Name = "Package"; Value = "0805"; VariantName = "[No Variations]"
Add component (AddParameter): Name = "Supplier"; Value = "LC"; VariantName = "[No Variations]"
Add component (AddParameter): Name = "SuppliersPartNumber"; Value = "C17802"; VariantName = "[No Variations]"
Added Component: Designator=R320(0805_R)
Add component (AddParameter): Name = "ComponentLink1Description"; Value = "供应商链接"; VariantName = "[No Variations]"
Add component (AddParameter): Name = "ComponentLink1URL"; Value = "http://www.szlcsc.com/product/details_18490.html"; VariantName = "[No Variations]"
Add component (AddParameter): Name = "Notepad"; Value = ""; VariantName = "[No Variations]"
Add component (AddParameter): Name = "Package"; Value = "0805"; VariantName = "[No Variations]"
Add component (AddParameter): Name = "Supplier"; Value = "LC"; VariantName = "[No Variations]"
Add component (AddParameter): Name = "SuppliersPartNumber"; Value = "C17802"; VariantName = "[No Variations]"
Added Component: Designator=S200(按键3*4)
Added Component: Designator=T101(接地螺丝孔)
Added Component: Designator=T200(Testpoint)
Added Component: Designator=VR101(SOT-223)
Add component (AddParameter): Name = "ComponentLink1Description"; Value = "供应商链接"; VariantName = "[No Variations]"
Add component (AddParameter): Name = "ComponentLink1URL"; Value = "http://www.szlcsc.com/product/details_6653.html"; VariantName = "[No Variations]"
Add component (AddParameter): Name = "Notepad"; Value = ""; VariantName = "[No Variations]"
Add component (AddParameter): Name = "Package"; Value = "SOT-223"; VariantName = "[No Variations]"
Add component (AddParameter): Name = "Supplier"; Value = "LC"; VariantName = "[No Variations]"
Add component (AddParameter): Name = "SuppliersPartNumber"; Value = "C6187"; VariantName = "[No Variations]"
Added Pin To Net: NetName=12VDD Pin=C113-1
Added Pin To Net: NetName=DGND Pin=C113-2
Added Pin To Net: NetName=DGND Pin=C115-1
Added Pin To Net: NetName=DGND Pin=C116-1
Added Pin To Net: NetName=DGND Pin=C117-1
Added Pin To Net: NetName=DGND Pin=C118-1
Added Pin To Net: NetName=5VDD Pin=C118-2
Added Pin To Net: NetName=DGND Pin=C119-1
Added Pin To Net: NetName=5VDD Pin=C119-2
Added Pin To Net: NetName=12VDD Pin=C202-2
Added Pin To Net: NetName=DGND Pin=C203-1
Added Pin To Net: NetName=5VDD Pin=C203-2
Added Pin To Net: NetName=DGND Pin=C204-1
Added Pin To Net: NetName=5VDD Pin=C204-2
Added Pin To Net: NetName=DGND Pin=C208-1
Added Pin To Net: NetName=POWER Pin=C300-2
Added Pin To Net: NetName=POWER Pin=C301-2
Added Pin To Net: NetName=POWER Pin=C302-2
Added Pin To Net: NetName=DGND Pin=C309-1
Added Pin To Net: NetName=POWER Pin=C309-2
Added Pin To Net: NetName=POWER Pin=C311-1
Added Pin To Net: NetName=DGND Pin=C311-2
Added Pin To Net: NetName=DGND Pin=D103-1
Added Pin To Net: NetName=POWER Pin=J101-5
Added Pin To Net: NetName=5VDD Pin=J200-1
Added Pin To Net: NetName=DGND Pin=J200-2
Added Pin To Net: NetName=DGND Pin=Q100-3
Added Pin To Net: NetName=NetD300_1 Pin=Q301-1
Added Pin To Net: NetName=NetD304_1 Pin=Q305-1
Added Pin To Net: NetName=5VDD Pin=R101-2
Added Pin To Net: NetName=POWER Pin=R106-2
Added Pin To Net: NetName=DGND Pin=R108-1
Added Pin To Net: NetName=12VDD Pin=R109-1
Added Pin To Net: NetName=DGND Pin=R112-1
Added Pin To Net: NetName=5VDD Pin=R200-2
Added Pin To Net: NetName=12VDD Pin=R203-1
Added Pin To Net: NetName=5VDD Pin=R205-2
Added Pin To Net: NetName=NetD300_1 Pin=R300-2
Added Pin To Net: NetName=NetD303_1 Pin=R302-2
Added Pin To Net: NetName=NetD300_1 Pin=R303-2
Added Pin To Net: NetName=NetD303_1 Pin=R305-2
Added Pin To Net: NetName=NetD304_1 Pin=R307-2
Added Pin To Net: NetName=NetD307_1 Pin=R308-2
Added Pin To Net: NetName=NetD304_1 Pin=R310-2
Added Pin To Net: NetName=NetD307_1 Pin=R311-2
Added Pin To Net: NetName=DGND Pin=R317-1
Added Pin To Net: NetName=DGND Pin=R320-2
Added Pin To Net: NetName=DGND Pin=S200-2
Added Pin To Net: NetName=12VDD Pin=U200-1
Added Pin To Net: NetName=DGND Pin=U200-5
Added Pin To Net: NetName=5VDD Pin=U200-6
Added Pin To Net: NetName=DGND Pin=U200-20
Added Pin To Net: NetName=DGND Pin=VR101-1
Added Pin To Net: NetName=5VDD Pin=VR101-2
Added Pin To Net: NetName=5VDD Pin=VR101-2
Added Pin To Net: NetName=FG Pin=R200-1
Added Pin To Net: NetName=FG Pin=R201-2
Added Pin To Net: NetName=FG Pin=U200-9
Added Net: Name=FG
Added Pin To Net: NetName=GND Pin=C115-2
Added Pin To Net: NetName=GND Pin=J101-4
Added Pin To Net: NetName=GND Pin=Q100-2
Added Net: Name=GND
Added Pin To Net: NetName=ISENCE Pin=C301-1
Added Pin To Net: NetName=ISENCE Pin=Q305-3
Added Pin To Net: NetName=ISENCE Pin=R310-1
Added Pin To Net: NetName=ISENCE Pin=R312-1
Added Pin To Net: NetName=ISENCE Pin=R315-2
Added Pin To Net: NetName=ISENCE Pin=R316-1
Added Pin To Net: NetName=ISENCE Pin=R317-2
Added Pin To Net: NetName=ISENCE Pin=R318-2
Added Pin To Net: NetName=ISENCE Pin=R319-2
Added Net: Name=ISENCE
Added Pin To Net: NetName=IU Pin=C302-1
Added Pin To Net: NetName=IU Pin=Q303-3
Added Pin To Net: NetName=IU Pin=R311-1
Added Pin To Net: NetName=IU Pin=R312-2
Added Pin To Net: NetName=IU Pin=R313-2
Added Net: Name=IU
Added Pin To Net: NetName=IV Pin=C300-1
Added Pin To Net: NetName=IV Pin=Q304-3
Added Pin To Net: NetName=IV Pin=R309-1
Added Pin To Net: NetName=IV Pin=R314-2
Added Pin To Net: NetName=IV Pin=R316-2
Added Net: Name=IV
Added Pin To Net: NetName=M-NRST Pin=C208-2
Added Pin To Net: NetName=M-NRST Pin=J200-5
Added Pin To Net: NetName=M-NRST Pin=R205-1
Added Pin To Net: NetName=M-NRST Pin=S200-1
Added Pin To Net: NetName=M-NRST Pin=U200-4
Added Net: Name=M-NRST
Added Pin To Net: NetName=M-SWCLK Pin=J200-4
Added Pin To Net: NetName=M-SWCLK Pin=U200-19
Added Net: Name=M-SWCLK
Added Pin To Net: NetName=M-SWDIO Pin=J200-3
Added Pin To Net: NetName=M-SWDIO Pin=U200-18
Added Net: Name=M-SWDIO
Added Pin To Net: NetName=MOTOR-A Pin=C207-1
Added Pin To Net: NetName=MOTOR-A Pin=J101-1
Added Pin To Net: NetName=MOTOR-A Pin=Q300-3
Added Pin To Net: NetName=MOTOR-A Pin=Q303-2
Added Pin To Net: NetName=MOTOR-A Pin=R305-1
Added Pin To Net: NetName=MOTOR-A Pin=U200-24
Added Net: Name=MOTOR-A
Added Pin To Net: NetName=MOTOR-B Pin=C206-1
Added Pin To Net: NetName=MOTOR-B Pin=J101-2
Added Pin To Net: NetName=MOTOR-B Pin=Q301-3
Added Pin To Net: NetName=MOTOR-B Pin=Q304-2
Added Pin To Net: NetName=MOTOR-B Pin=R303-1
Added Pin To Net: NetName=MOTOR-B Pin=U200-27
Added Net: Name=MOTOR-B
Added Pin To Net: NetName=MOTOR-C Pin=C205-1
Added Pin To Net: NetName=MOTOR-C Pin=J101-3
Added Pin To Net: NetName=MOTOR-C Pin=Q302-3
Added Pin To Net: NetName=MOTOR-C Pin=Q305-2
Added Pin To Net: NetName=MOTOR-C Pin=R304-1
Added Pin To Net: NetName=MOTOR-C Pin=U200-30
Added Net: Name=MOTOR-C
Added Pin To Net: NetName=NetC116_2 Pin=C116-2
Added Pin To Net: NetName=NetC116_2 Pin=C117-2
Added Pin To Net: NetName=NetC116_2 Pin=R109-2
Added Pin To Net: NetName=NetC116_2 Pin=VR101-3
Added Net: Name=NetC116_2
Added Pin To Net: NetName=NetC200_2 Pin=C200-2
Added Pin To Net: NetName=NetC200_2 Pin=R202-1
Added Pin To Net: NetName=NetC200_2 Pin=U200-15
Added Net: Name=NetC200_2
Added Pin To Net: NetName=NetD103_2 Pin=D103-2
Added Pin To Net: NetName=NetD103_2 Pin=Q100-1
Added Pin To Net: NetName=NetD103_2 Pin=R106-1
Added Pin To Net: NetName=NetD103_2 Pin=R112-2
Added Net: Name=NetD103_2
Added Pin To Net: NetName=NetD200_1 Pin=D200-1
Added Pin To Net: NetName=NetD200_1 Pin=D201-1
Added Pin To Net: NetName=NetD200_1 Pin=D202-1
Added Pin To Net: NetName=NetD200_1 Pin=R203-2
Added Net: Name=NetD200_1
Added Pin To Net: NetName=NetD301_1 Pin=D301-1
Added Pin To Net: NetName=NetD301_1 Pin=Q302-1
Added Pin To Net: NetName=NetD301_1 Pin=R301-2
Added Pin To Net: NetName=NetD301_1 Pin=R304-2
Added Net: Name=NetD301_1
Added Pin To Net: NetName=NetD302_1 Pin=D302-1
Added Pin To Net: NetName=NetD302_1 Pin=Q304-1
Added Pin To Net: NetName=NetD302_1 Pin=R306-2
Added Pin To Net: NetName=NetD302_1 Pin=R309-2
Added Net: Name=NetD302_1
Added Pin To Net: NetName=NetR201_1 Pin=R201-1
Added Pin To Net: NetName=NetR201_1 Pin=T200-1
Added Net: Name=NetR201_1
Added Pin To Net: NetName=NetR202_2 Pin=R202-2
Added Pin To Net: NetName=NetR202_2 Pin=U200-13
Added Net: Name=NetR202_2
Added Pin To Net: NetName=OPA0N Pin=C303-1
Added Pin To Net: NetName=OPA0N Pin=R318-1
Added Pin To Net: NetName=OPA0N Pin=U200-16
Added Net: Name=OPA0N
Added Pin To Net: NetName=OPA0P Pin=C303-2
Added Pin To Net: NetName=OPA0P Pin=R313-1
Added Pin To Net: NetName=OPA0P Pin=U200-17
Added Net: Name=OPA0P
Added Pin To Net: NetName=OPA1N Pin=C305-1
Added Pin To Net: NetName=OPA1N Pin=R320-1
Added Pin To Net: NetName=OPA1N Pin=U200-3
Added Net: Name=OPA1N
Added Pin To Net: NetName=OPA1P Pin=C305-2
Added Pin To Net: NetName=OPA1P Pin=R315-1
Added Pin To Net: NetName=OPA1P Pin=U200-2
Added Net: Name=OPA1P
Added Pin To Net: NetName=OPA2N Pin=C304-1
Added Pin To Net: NetName=OPA2N Pin=R319-1
Added Pin To Net: NetName=OPA2N Pin=U200-12
Added Net: Name=OPA2N
Added Pin To Net: NetName=OPA2P Pin=C304-2
Added Pin To Net: NetName=OPA2P Pin=R314-1
Added Pin To Net: NetName=OPA2P Pin=U200-11
Added Net: Name=OPA2P
Added Pin To Net: NetName=PA0_IIC_SCL Pin=P201-4
Added Pin To Net: NetName=PA0_IIC_SCL Pin=U200-7
Added Net: Name=PA0_IIC_SCL
Added Pin To Net: NetName=PA1_IIC_SDA Pin=P201-3
Added Pin To Net: NetName=PA1_IIC_SDA Pin=U200-8
Added Net: Name=PA1_IIC_SDA
Added Pin To Net: NetName=PB0_INT Pin=P201-5
Added Pin To Net: NetName=PB0_INT Pin=U200-14
Added Net: Name=PB0_INT
Added Pin To Net: NetName=UH Pin=D303-2
Added Pin To Net: NetName=UH Pin=R302-1
Added Pin To Net: NetName=UH Pin=U200-25
Added Net: Name=UH
Added Pin To Net: NetName=UL Pin=D307-2
Added Pin To Net: NetName=UL Pin=R308-1
Added Pin To Net: NetName=UL Pin=U200-21
Added Net: Name=UL
Added Pin To Net: NetName=VB-U Pin=C205-2
Added Pin To Net: NetName=VB-U Pin=D200-2
Added Pin To Net: NetName=VB-U Pin=U200-32
Added Net: Name=VB-U
Added Pin To Net: NetName=VB-V Pin=C206-2
Added Pin To Net: NetName=VB-V Pin=D201-2
Added Pin To Net: NetName=VB-V Pin=U200-29
Added Net: Name=VB-V
Added Pin To Net: NetName=VB-W Pin=C207-2
Added Pin To Net: NetName=VB-W Pin=D202-2
Added Pin To Net: NetName=VB-W Pin=U200-26
Added Net: Name=VB-W
Added Pin To Net: NetName=Vdect Pin=C108-2
Added Pin To Net: NetName=Vdect Pin=R107-1
Added Pin To Net: NetName=Vdect Pin=R108-2
Added Pin To Net: NetName=Vdect Pin=U200-10
Added Net: Name=Vdect
Added Pin To Net: NetName=VH Pin=D300-2
Added Pin To Net: NetName=VH Pin=R300-1
Added Pin To Net: NetName=VH Pin=U200-28
Added Net: Name=VH
Added Pin To Net: NetName=VL Pin=D302-2
Added Pin To Net: NetName=VL Pin=R306-1
Added Pin To Net: NetName=VL Pin=U200-22
Added Net: Name=VL
Added Pin To Net: NetName=WH Pin=D301-2
Added Pin To Net: NetName=WH Pin=R301-1
Added Pin To Net: NetName=WH Pin=U200-31
Added Net: Name=WH
Added Pin To Net: NetName=WL Pin=D304-2
Added Pin To Net: NetName=WL Pin=R307-1
Added Pin To Net: NetName=WL Pin=U200-23
Added Net: Name=WL
Added Member To Class: ClassName=01_Power Member=Component C113 10uF (106) 10% 25V
Added Member To Class: ClassName=01_Power Member=Component C115 2.2nF (222) 10% 50V
Added Member To Class: ClassName=01_Power Member=Component C116 100nF (104) 10% 50V
Added Member To Class: ClassName=01_Power Member=Component C117 10uF (106) 10% 10V
Added Member To Class: ClassName=01_Power Member=Component C118 100nF (104) 10% 50V
Added Member To Class: ClassName=01_Power Member=Component C119 10uF (106) 10% 10V
Added Member To Class: ClassName=02_MCU Member=Component C208 100nF (104) 10% 50V
Added Member To Class: ClassName=03_Mos Member=Component C311 1000uF/250V
Added Member To Class: ClassName=01_Power Member=Component D103 1N4746A
Added Member To Class: ClassName=01_Power Member=Component J101 CON9
Added Member To Class: ClassName=02_MCU Member=Component J200 SWD-KF2510-5P
Added Member To Class: ClassName=01_Power Member=Component Q100 IRFB4127PBF
Added Member To Class: ClassName=01_Power Member=Component R112 10KΩ (1002) ±1%
Added Member To Class: ClassName=02_MCU Member=Component R200 1KΩ (1001) ±1%
Added Member To Class: ClassName=02_MCU Member=Component R201 1KΩ (1001) ±1%
Added Member To Class: ClassName=02_MCU Member=Component R202 10KΩ (1002) ±1%
Added Member To Class: ClassName=02_MCU Member=Component R203 1KΩ (1001) ±1%
Added Member To Class: ClassName=03_Mos Member=Component R316 10mR 2512
Added Member To Class: ClassName=03_Mos Member=Component R317 10mR 2512
Added Member To Class: ClassName=03_Mos Member=Component R318 68Ω (68R0) ±1%
Added Member To Class: ClassName=03_Mos Member=Component R319 68Ω (68R0) ±1%
Added Member To Class: ClassName=03_Mos Member=Component R320 68Ω (68R0) ±1%
Added Member To Class: ClassName=02_MCU Member=Component S200 KEY
Added Member To Class: ClassName=01_Power Member=Component T101 Test
Added Member To Class: ClassName=02_MCU Member=Component T200 Test
Added Member To Class: ClassName=01_Power Member=Component VR101 AMS1117-5.0
Added Room: Name=01_Power
Added Room: Name=02_MCU
Added Room: Name=03_Mos
