Change Component Designator: Old Designator=C200 New Designator=C100
Change Component Designator: Old Designator=C201 New Designator=C101
Change Component Designator: Old Designator=C202 New Designator=C102
Change Component Designator: Old Designator=C203 New Designator=C103
Change Component Designator: Old Designator=C204 New Designator=C104
Change Component Designator: Old Designator=C205 New Designator=C105
Change Component Designator: Old Designator=C206 New Designator=C106
Change Component Designator: Old Designator=C207 New Designator=C107
Change Component Designator: Old Designator=D200 New Designator=D100
Change Component Designator: Old Designator=D201 New Designator=D101
Change Component Designator: Old Designator=L200 New Designator=L100
Change Component Designator: Old Designator=R200 New Designator=R100
Change Component Designator: Old Designator=R201 New Designator=R102
Change Component Designator: Old Designator=R202 New Designator=R103
Change Component Designator: Old Designator=R203 New Designator=R104
Change Component Designator: Old Designator=R204 New Designator=R101
Change Component Designator: Old Designator=R205 New Designator=R105
Change Component Designator: Old Designator=R206 New Designator=R106
Change Component Designator: Old Designator=U200 New Designator=U100
Change Component Designator: Old Designator=VR200 New Designator=VR100
